05/26/2021 20:23:17 - INFO - root -   ----- cuda for training -----
05/26/2021 20:23:17 - INFO - __main__ -   Loading model: dmis-lab/biobert-base-cased-v1.1
05/26/2021 20:23:17 - DEBUG - urllib3.connectionpool -   Starting new HTTPS connection (1): huggingface.co:443
05/26/2021 20:23:19 - DEBUG - urllib3.connectionpool -   https://huggingface.co:443 "HEAD /dmis-lab/biobert-base-cased-v1.1/resolve/main/vocab.txt HTTP/1.1" 200 0
05/26/2021 20:23:19 - DEBUG - urllib3.connectionpool -   Starting new HTTPS connection (1): huggingface.co:443
05/26/2021 20:23:21 - DEBUG - urllib3.connectionpool -   https://huggingface.co:443 "HEAD /dmis-lab/biobert-base-cased-v1.1/resolve/main/added_tokens.json HTTP/1.1" 404 0
05/26/2021 20:23:21 - DEBUG - urllib3.connectionpool -   Starting new HTTPS connection (1): huggingface.co:443
05/26/2021 20:23:22 - DEBUG - urllib3.connectionpool -   https://huggingface.co:443 "HEAD /dmis-lab/biobert-base-cased-v1.1/resolve/main/special_tokens_map.json HTTP/1.1" 404 0
05/26/2021 20:23:22 - DEBUG - urllib3.connectionpool -   Starting new HTTPS connection (1): huggingface.co:443
05/26/2021 20:23:23 - DEBUG - urllib3.connectionpool -   https://huggingface.co:443 "HEAD /dmis-lab/biobert-base-cased-v1.1/resolve/main/tokenizer_config.json HTTP/1.1" 404 0
05/26/2021 20:23:23 - DEBUG - urllib3.connectionpool -   Starting new HTTPS connection (1): huggingface.co:443
05/26/2021 20:23:25 - DEBUG - urllib3.connectionpool -   https://huggingface.co:443 "HEAD /dmis-lab/biobert-base-cased-v1.1/resolve/main/tokenizer.json HTTP/1.1" 404 0
05/26/2021 20:23:25 - DEBUG - urllib3.connectionpool -   Starting new HTTPS connection (1): huggingface.co:443
05/26/2021 20:23:26 - DEBUG - urllib3.connectionpool -   https://huggingface.co:443 "HEAD /dmis-lab/biobert-base-cased-v1.1/resolve/main/config.json HTTP/1.1" 200 0
05/26/2021 20:23:26 - DEBUG - urllib3.connectionpool -   Starting new HTTPS connection (1): huggingface.co:443
05/26/2021 20:23:27 - DEBUG - urllib3.connectionpool -   https://huggingface.co:443 "HEAD /dmis-lab/biobert-base-cased-v1.1/resolve/main/config.json HTTP/1.1" 200 0
05/26/2021 20:23:27 - DEBUG - urllib3.connectionpool -   Starting new HTTPS connection (1): huggingface.co:443
05/26/2021 20:23:29 - DEBUG - urllib3.connectionpool -   https://huggingface.co:443 "HEAD /dmis-lab/biobert-base-cased-v1.1/resolve/main/pytorch_model.bin HTTP/1.1" 302 0
05/26/2021 20:23:32 - INFO - dataloader -   loading train dataset.
05/26/2021 20:23:32 - INFO - dataloader -   Loading data from: ../data/train.txt.
05/26/2021 20:23:32 - INFO - dataloader -   Positive: 2614 (ThemeOf: 1654, CauseOf: 960), Negative: 2614.
05/26/2021 20:23:32 - INFO - dataloader -   loading test dataset.
05/26/2021 20:23:32 - INFO - dataloader -   Loading data from: ../data/test.txt.
05/26/2021 20:23:32 - INFO - __main__ -   Loading Inference data.
05/26/2021 20:23:32 - INFO - dataloader -   Loading data from: ../data/ad_infer_data_526_DelCross/ad.word-piece.re.txt.
05/26/2021 20:24:08 - INFO - dataloader -   Inference data size: 1924407
05/26/2021 20:24:08 - INFO - __main__ -   Loading Adam optimizer.
05/26/2021 20:24:08 - INFO - __main__ -   Training Start.
05/26/2021 20:24:08 - INFO - root -   epoch: 0, step: 0, loss: 1.0955
05/26/2021 20:24:08 - INFO - root -   epoch: 0, step: 1, loss: 1.0343
05/26/2021 20:24:09 - INFO - root -   epoch: 0, step: 2, loss: 1.1042
05/26/2021 20:24:09 - INFO - root -   epoch: 0, step: 3, loss: 1.0881
05/26/2021 20:24:09 - INFO - root -   epoch: 0, step: 4, loss: 1.0339
05/26/2021 20:24:10 - INFO - root -   epoch: 0, step: 5, loss: 1.1268
05/26/2021 20:24:10 - INFO - root -   epoch: 0, step: 6, loss: 1.0167
05/26/2021 20:24:10 - INFO - root -   epoch: 0, step: 7, loss: 1.0647
05/26/2021 20:24:10 - INFO - root -   epoch: 0, step: 8, loss: 1.1484
05/26/2021 20:24:11 - INFO - root -   epoch: 0, step: 9, loss: 1.2684
05/26/2021 20:24:11 - INFO - root -   epoch: 0, step: 10, loss: 0.9346
05/26/2021 20:24:11 - INFO - root -   epoch: 0, step: 11, loss: 0.9821
05/26/2021 20:24:11 - INFO - root -   epoch: 0, step: 12, loss: 1.0620
05/26/2021 20:24:12 - INFO - root -   epoch: 0, step: 13, loss: 1.0392
05/26/2021 20:24:12 - INFO - root -   epoch: 0, step: 14, loss: 1.1621
05/26/2021 20:24:12 - INFO - root -   epoch: 0, step: 15, loss: 1.0177
05/26/2021 20:24:13 - INFO - root -   epoch: 0, step: 16, loss: 0.9613
05/26/2021 20:24:13 - INFO - root -   epoch: 0, step: 17, loss: 0.9489
05/26/2021 20:24:13 - INFO - root -   epoch: 0, step: 18, loss: 1.1096
05/26/2021 20:24:14 - INFO - root -   epoch: 0, step: 19, loss: 0.9955
05/26/2021 20:24:14 - INFO - root -   epoch: 0, step: 20, loss: 1.0142
05/26/2021 20:24:14 - INFO - root -   epoch: 0, step: 21, loss: 1.0840
05/26/2021 20:24:15 - INFO - root -   epoch: 0, step: 22, loss: 1.1252
05/26/2021 20:24:15 - INFO - root -   epoch: 0, step: 23, loss: 1.0151
05/26/2021 20:24:15 - INFO - root -   epoch: 0, step: 24, loss: 0.9435
05/26/2021 20:24:15 - INFO - root -   epoch: 0, step: 25, loss: 1.0787
05/26/2021 20:24:16 - INFO - root -   epoch: 0, step: 26, loss: 0.9396
05/26/2021 20:24:16 - INFO - root -   epoch: 0, step: 27, loss: 1.0917
05/26/2021 20:24:16 - INFO - root -   epoch: 0, step: 28, loss: 1.0138
05/26/2021 20:24:17 - INFO - root -   epoch: 0, step: 29, loss: 1.0106
05/26/2021 20:24:17 - INFO - root -   epoch: 0, step: 30, loss: 0.9986
05/26/2021 20:24:17 - INFO - root -   epoch: 0, step: 31, loss: 0.7784
05/26/2021 20:24:17 - INFO - root -   epoch: 0, step: 32, loss: 1.0561
05/26/2021 20:24:18 - INFO - root -   epoch: 0, step: 33, loss: 1.0295
05/26/2021 20:24:18 - INFO - root -   epoch: 0, step: 34, loss: 0.9749
05/26/2021 20:24:18 - INFO - root -   epoch: 0, step: 35, loss: 1.0289
05/26/2021 20:24:18 - INFO - root -   epoch: 0, step: 36, loss: 0.9707
05/26/2021 20:24:19 - INFO - root -   epoch: 0, step: 37, loss: 0.9565
05/26/2021 20:24:19 - INFO - root -   epoch: 0, step: 38, loss: 1.0774
05/26/2021 20:24:19 - INFO - root -   epoch: 0, step: 39, loss: 0.9605
05/26/2021 20:24:20 - INFO - root -   epoch: 0, step: 40, loss: 0.9097
05/26/2021 20:24:20 - INFO - root -   epoch: 0, step: 41, loss: 0.8292
05/26/2021 20:24:20 - INFO - root -   epoch: 0, step: 42, loss: 0.9399
05/26/2021 20:24:20 - INFO - root -   epoch: 0, step: 43, loss: 1.0940
05/26/2021 20:24:21 - INFO - root -   epoch: 0, step: 44, loss: 1.0271
05/26/2021 20:24:21 - INFO - root -   epoch: 0, step: 45, loss: 0.8963
05/26/2021 20:24:21 - INFO - root -   epoch: 0, step: 46, loss: 1.0543
05/26/2021 20:24:21 - INFO - root -   epoch: 0, step: 47, loss: 0.8902
05/26/2021 20:24:22 - INFO - root -   epoch: 0, step: 48, loss: 0.9180
05/26/2021 20:24:22 - INFO - root -   epoch: 0, step: 49, loss: 0.8519
05/26/2021 20:24:22 - INFO - root -   epoch: 0, step: 50, loss: 0.8504
05/26/2021 20:24:23 - INFO - root -   epoch: 0, step: 51, loss: 1.1484
05/26/2021 20:24:23 - INFO - root -   epoch: 0, step: 52, loss: 0.7548
05/26/2021 20:24:23 - INFO - root -   epoch: 0, step: 53, loss: 0.9501
05/26/2021 20:24:24 - INFO - root -   epoch: 0, step: 54, loss: 0.7406
05/26/2021 20:24:24 - INFO - root -   epoch: 0, step: 55, loss: 0.8996
05/26/2021 20:24:24 - INFO - root -   epoch: 0, step: 56, loss: 0.8590
05/26/2021 20:24:25 - INFO - root -   epoch: 0, step: 57, loss: 0.7856
05/26/2021 20:24:25 - INFO - root -   epoch: 0, step: 58, loss: 0.8122
05/26/2021 20:24:25 - INFO - root -   epoch: 0, step: 59, loss: 0.9464
05/26/2021 20:24:25 - INFO - root -   epoch: 0, step: 60, loss: 0.9163
05/26/2021 20:24:26 - INFO - root -   epoch: 0, step: 61, loss: 0.8212
05/26/2021 20:24:26 - INFO - root -   epoch: 0, step: 62, loss: 0.8190
05/26/2021 20:24:26 - INFO - root -   epoch: 0, step: 63, loss: 0.6602
05/26/2021 20:24:26 - INFO - root -   epoch: 0, step: 64, loss: 0.7781
05/26/2021 20:24:27 - INFO - root -   epoch: 0, step: 65, loss: 0.7102
05/26/2021 20:24:27 - INFO - root -   epoch: 0, step: 66, loss: 0.7937
05/26/2021 20:24:27 - INFO - root -   epoch: 0, step: 67, loss: 0.7012
05/26/2021 20:24:28 - INFO - root -   epoch: 0, step: 68, loss: 0.9143
05/26/2021 20:24:28 - INFO - root -   epoch: 0, step: 69, loss: 0.7945
05/26/2021 20:24:28 - INFO - root -   epoch: 0, step: 70, loss: 0.5001
05/26/2021 20:24:28 - INFO - root -   epoch: 0, step: 71, loss: 0.9545
05/26/2021 20:24:29 - INFO - root -   epoch: 0, step: 72, loss: 0.5734
05/26/2021 20:24:29 - INFO - root -   epoch: 0, step: 73, loss: 0.7007
05/26/2021 20:24:29 - INFO - root -   epoch: 0, step: 74, loss: 0.6388
05/26/2021 20:24:30 - INFO - root -   epoch: 0, step: 75, loss: 0.8752
05/26/2021 20:24:30 - INFO - root -   epoch: 0, step: 76, loss: 0.6886
05/26/2021 20:24:30 - INFO - root -   epoch: 0, step: 77, loss: 0.7140
05/26/2021 20:24:30 - INFO - root -   epoch: 0, step: 78, loss: 0.6900
05/26/2021 20:24:31 - INFO - root -   epoch: 0, step: 79, loss: 0.5033
05/26/2021 20:24:31 - INFO - root -   epoch: 0, step: 80, loss: 0.5655
05/26/2021 20:24:31 - INFO - root -   epoch: 0, step: 81, loss: 0.5758
05/26/2021 20:24:31 - INFO - root -   epoch: 0, step: 82, loss: 0.6745
05/26/2021 20:24:32 - INFO - root -   epoch: 0, step: 83, loss: 0.4680
05/26/2021 20:24:32 - INFO - root -   epoch: 0, step: 84, loss: 0.5543
05/26/2021 20:24:32 - INFO - root -   epoch: 0, step: 85, loss: 0.4104
05/26/2021 20:24:33 - INFO - root -   epoch: 0, step: 86, loss: 0.5620
05/26/2021 20:24:33 - INFO - root -   epoch: 0, step: 87, loss: 0.5303
05/26/2021 20:24:33 - INFO - root -   epoch: 0, step: 88, loss: 0.5104
05/26/2021 20:24:33 - INFO - root -   epoch: 0, step: 89, loss: 0.3485
05/26/2021 20:24:34 - INFO - root -   epoch: 0, step: 90, loss: 0.7916
05/26/2021 20:24:34 - INFO - root -   epoch: 0, step: 91, loss: 0.7393
05/26/2021 20:24:34 - INFO - root -   epoch: 0, step: 92, loss: 0.6804
05/26/2021 20:24:34 - INFO - root -   epoch: 0, step: 93, loss: 0.5678
05/26/2021 20:24:35 - INFO - root -   epoch: 0, step: 94, loss: 0.5918
05/26/2021 20:24:35 - INFO - root -   epoch: 0, step: 95, loss: 0.4259
05/26/2021 20:24:35 - INFO - root -   epoch: 0, step: 96, loss: 0.4442
05/26/2021 20:24:36 - INFO - root -   epoch: 0, step: 97, loss: 0.5065
05/26/2021 20:24:36 - INFO - root -   epoch: 0, step: 98, loss: 0.4598
05/26/2021 20:24:36 - INFO - root -   epoch: 0, step: 99, loss: 0.3301
05/26/2021 20:24:37 - INFO - root -   epoch: 0, step: 100, loss: 1.0773
05/26/2021 20:24:37 - INFO - root -   epoch: 0, step: 101, loss: 0.6622
05/26/2021 20:24:37 - INFO - root -   epoch: 0, step: 102, loss: 0.4999
05/26/2021 20:24:37 - INFO - root -   epoch: 0, step: 103, loss: 0.8781
05/26/2021 20:24:38 - INFO - root -   epoch: 0, step: 104, loss: 0.4812
05/26/2021 20:24:38 - INFO - root -   epoch: 0, step: 105, loss: 0.4972
05/26/2021 20:24:38 - INFO - root -   epoch: 0, step: 106, loss: 0.4943
05/26/2021 20:24:39 - INFO - root -   epoch: 0, step: 107, loss: 0.5347
05/26/2021 20:24:39 - INFO - root -   epoch: 0, step: 108, loss: 0.2865
05/26/2021 20:24:39 - INFO - root -   epoch: 0, step: 109, loss: 0.5548
05/26/2021 20:24:39 - INFO - root -   epoch: 0, step: 110, loss: 0.5004
05/26/2021 20:24:40 - INFO - root -   epoch: 0, step: 111, loss: 0.8934
05/26/2021 20:24:40 - INFO - root -   epoch: 0, step: 112, loss: 0.3597
05/26/2021 20:24:40 - INFO - root -   epoch: 0, step: 113, loss: 0.5688
05/26/2021 20:24:41 - INFO - root -   epoch: 0, step: 114, loss: 0.5501
05/26/2021 20:24:41 - INFO - root -   epoch: 0, step: 115, loss: 0.6863
05/26/2021 20:24:41 - INFO - root -   epoch: 0, step: 116, loss: 0.3556
05/26/2021 20:24:42 - INFO - root -   epoch: 0, step: 117, loss: 0.5334
05/26/2021 20:24:42 - INFO - root -   epoch: 0, step: 118, loss: 0.5757
05/26/2021 20:24:42 - INFO - root -   epoch: 0, step: 119, loss: 0.6805
05/26/2021 20:24:42 - INFO - root -   epoch: 0, step: 120, loss: 0.7607
05/26/2021 20:24:43 - INFO - root -   epoch: 0, step: 121, loss: 0.3223
05/26/2021 20:24:43 - INFO - root -   epoch: 0, step: 122, loss: 0.5671
05/26/2021 20:24:43 - INFO - root -   epoch: 0, step: 123, loss: 0.7407
05/26/2021 20:24:44 - INFO - root -   epoch: 0, step: 124, loss: 0.5356
05/26/2021 20:24:44 - INFO - root -   epoch: 0, step: 125, loss: 0.8006
05/26/2021 20:24:44 - INFO - root -   epoch: 0, step: 126, loss: 0.7404
05/26/2021 20:24:44 - INFO - root -   epoch: 0, step: 127, loss: 0.3549
05/26/2021 20:24:45 - INFO - root -   epoch: 0, step: 128, loss: 0.2204
05/26/2021 20:24:45 - INFO - root -   epoch: 0, step: 129, loss: 0.3456
05/26/2021 20:24:45 - INFO - root -   epoch: 0, step: 130, loss: 0.5055
05/26/2021 20:24:46 - INFO - root -   epoch: 0, step: 131, loss: 0.5266
05/26/2021 20:24:46 - INFO - root -   epoch: 0, step: 132, loss: 0.5343
05/26/2021 20:24:46 - INFO - root -   epoch: 0, step: 133, loss: 0.7853
05/26/2021 20:24:46 - INFO - root -   epoch: 0, step: 134, loss: 0.3406
05/26/2021 20:24:47 - INFO - root -   epoch: 0, step: 135, loss: 0.3499
05/26/2021 20:24:47 - INFO - root -   epoch: 0, step: 136, loss: 0.5756
05/26/2021 20:24:47 - INFO - root -   epoch: 0, step: 137, loss: 0.6040
05/26/2021 20:24:48 - INFO - root -   epoch: 0, step: 138, loss: 0.4945
05/26/2021 20:24:48 - INFO - root -   epoch: 0, step: 139, loss: 0.3599
05/26/2021 20:24:48 - INFO - root -   epoch: 0, step: 140, loss: 0.4234
05/26/2021 20:24:48 - INFO - root -   epoch: 0, step: 141, loss: 0.4866
05/26/2021 20:24:49 - INFO - root -   epoch: 0, step: 142, loss: 0.3908
05/26/2021 20:24:49 - INFO - root -   epoch: 0, step: 143, loss: 0.1987
05/26/2021 20:24:49 - INFO - root -   epoch: 0, step: 144, loss: 0.4713
05/26/2021 20:24:50 - INFO - root -   epoch: 0, step: 145, loss: 0.2134
05/26/2021 20:24:50 - INFO - root -   epoch: 0, step: 146, loss: 0.1690
05/26/2021 20:24:50 - INFO - root -   epoch: 0, step: 147, loss: 0.4656
05/26/2021 20:24:50 - INFO - root -   epoch: 0, step: 148, loss: 0.5327
05/26/2021 20:24:51 - INFO - root -   epoch: 0, step: 149, loss: 0.5673
05/26/2021 20:24:51 - INFO - root -   epoch: 0, step: 150, loss: 0.3574
05/26/2021 20:24:51 - INFO - root -   epoch: 0, step: 151, loss: 0.4980
05/26/2021 20:24:51 - INFO - root -   epoch: 0, step: 152, loss: 0.3070
05/26/2021 20:24:52 - INFO - root -   epoch: 0, step: 153, loss: 0.4225
05/26/2021 20:24:52 - INFO - root -   epoch: 0, step: 154, loss: 0.3293
05/26/2021 20:24:52 - INFO - root -   epoch: 0, step: 155, loss: 0.7330
05/26/2021 20:24:53 - INFO - root -   epoch: 0, step: 156, loss: 0.4790
05/26/2021 20:24:53 - INFO - root -   epoch: 0, step: 157, loss: 0.2560
05/26/2021 20:24:53 - INFO - root -   epoch: 0, step: 158, loss: 0.4540
05/26/2021 20:24:53 - INFO - root -   epoch: 0, step: 159, loss: 0.4484
05/26/2021 20:24:54 - INFO - root -   epoch: 0, step: 160, loss: 0.4329
05/26/2021 20:24:54 - INFO - root -   epoch: 0, step: 161, loss: 0.6717
05/26/2021 20:24:54 - INFO - root -   epoch: 0, step: 162, loss: 0.4574
05/26/2021 20:24:55 - INFO - root -   epoch: 0, step: 163, loss: 0.6436
05/26/2021 20:24:55 - INFO - root -   epoch: 0, step: 164, loss: 0.3377
05/26/2021 20:24:55 - INFO - root -   epoch: 0, step: 165, loss: 0.2690
05/26/2021 20:24:56 - INFO - root -   epoch: 0, step: 166, loss: 0.2703
05/26/2021 20:24:56 - INFO - root -   epoch: 0, step: 167, loss: 0.6992
05/26/2021 20:24:56 - INFO - root -   epoch: 0, step: 168, loss: 0.3230
05/26/2021 20:24:56 - INFO - root -   epoch: 0, step: 169, loss: 0.4588
05/26/2021 20:24:57 - INFO - root -   epoch: 0, step: 170, loss: 0.5036
05/26/2021 20:24:57 - INFO - root -   epoch: 0, step: 171, loss: 0.3883
05/26/2021 20:24:57 - INFO - root -   epoch: 0, step: 172, loss: 0.3173
05/26/2021 20:24:58 - INFO - root -   epoch: 0, step: 173, loss: 0.4270
05/26/2021 20:24:58 - INFO - root -   epoch: 0, step: 174, loss: 0.3722
05/26/2021 20:24:58 - INFO - root -   epoch: 0, step: 175, loss: 0.6170
05/26/2021 20:24:58 - INFO - root -   epoch: 0, step: 176, loss: 0.4179
05/26/2021 20:24:59 - INFO - root -   epoch: 0, step: 177, loss: 0.8807
05/26/2021 20:24:59 - INFO - root -   epoch: 0, step: 178, loss: 0.2727
05/26/2021 20:24:59 - INFO - root -   epoch: 0, step: 179, loss: 0.4280
05/26/2021 20:25:00 - INFO - root -   epoch: 0, step: 180, loss: 0.5934
05/26/2021 20:25:00 - INFO - root -   epoch: 0, step: 181, loss: 0.1892
05/26/2021 20:25:00 - INFO - root -   epoch: 0, step: 182, loss: 0.2606
05/26/2021 20:25:00 - INFO - root -   epoch: 0, step: 183, loss: 0.6265
05/26/2021 20:25:01 - INFO - root -   epoch: 0, step: 184, loss: 0.3273
05/26/2021 20:25:01 - INFO - root -   epoch: 0, step: 185, loss: 0.3805
05/26/2021 20:25:01 - INFO - root -   epoch: 0, step: 186, loss: 0.3818
05/26/2021 20:25:02 - INFO - root -   epoch: 0, step: 187, loss: 0.6347
05/26/2021 20:25:02 - INFO - root -   epoch: 0, step: 188, loss: 0.7940
05/26/2021 20:25:02 - INFO - root -   epoch: 0, step: 189, loss: 0.4846
05/26/2021 20:25:03 - INFO - root -   epoch: 0, step: 190, loss: 0.5414
05/26/2021 20:25:03 - INFO - root -   epoch: 0, step: 191, loss: 0.4144
05/26/2021 20:25:03 - INFO - root -   epoch: 0, step: 192, loss: 0.3947
05/26/2021 20:25:03 - INFO - root -   epoch: 0, step: 193, loss: 0.3365
05/26/2021 20:25:04 - INFO - root -   epoch: 0, step: 194, loss: 0.2587
05/26/2021 20:25:04 - INFO - root -   epoch: 0, step: 195, loss: 0.4090
05/26/2021 20:25:04 - INFO - root -   epoch: 0, step: 196, loss: 0.4405
05/26/2021 20:25:04 - INFO - root -   epoch: 0, step: 197, loss: 0.5296
05/26/2021 20:25:05 - INFO - root -   epoch: 0, step: 198, loss: 0.2946
05/26/2021 20:25:05 - INFO - root -   epoch: 0, step: 199, loss: 0.1824
05/26/2021 20:25:05 - INFO - root -   epoch: 0, step: 200, loss: 0.3372
05/26/2021 20:25:05 - INFO - root -   epoch: 0, step: 201, loss: 0.8675
05/26/2021 20:25:06 - INFO - root -   epoch: 0, step: 202, loss: 0.3057
05/26/2021 20:25:06 - INFO - root -   epoch: 0, step: 203, loss: 0.2037
05/26/2021 20:25:07 - INFO - root -   epoch: 0, step: 204, loss: 0.3251
05/26/2021 20:25:07 - INFO - root -   epoch: 0, step: 205, loss: 0.3506
05/26/2021 20:25:07 - INFO - root -   epoch: 0, step: 206, loss: 0.2654
05/26/2021 20:25:07 - INFO - root -   epoch: 0, step: 207, loss: 0.3879
05/26/2021 20:25:08 - INFO - root -   epoch: 0, step: 208, loss: 0.2629
05/26/2021 20:25:08 - INFO - root -   epoch: 0, step: 209, loss: 0.2885
05/26/2021 20:25:08 - INFO - root -   epoch: 0, step: 210, loss: 0.4986
05/26/2021 20:25:09 - INFO - root -   epoch: 0, step: 211, loss: 0.5691
05/26/2021 20:25:09 - INFO - root -   epoch: 0, step: 212, loss: 0.4363
05/26/2021 20:25:09 - INFO - root -   epoch: 0, step: 213, loss: 0.1762
05/26/2021 20:25:09 - INFO - root -   epoch: 0, step: 214, loss: 0.1584
05/26/2021 20:25:10 - INFO - root -   epoch: 0, step: 215, loss: 0.2767
05/26/2021 20:25:10 - INFO - root -   epoch: 0, step: 216, loss: 0.2533
05/26/2021 20:25:10 - INFO - root -   epoch: 0, step: 217, loss: 0.4033
05/26/2021 20:25:26 - INFO - root -   Epoch: 0, Epoch-Average Loss: 0.6392
05/26/2021 20:25:26 - INFO - __main__ -   Accuracy: 0.9791, Precision: 0.9892, Recall: 0.9795, F1-score: 0.9843
05/26/2021 20:25:29 - INFO - __main__ -   Updated model, best F1-score: 0.9843

05/26/2021 20:25:29 - INFO - __main__ -   Direct inference.
05/26/2021 22:29:31 - INFO - __main__ -   Train complete, Best F1-score: 0.9843.
