05/26/2021 09:53:04 - INFO - root -   ----- cuda for training -----
05/26/2021 09:53:04 - INFO - __main__ -   Loading model: dmis-lab/biobert-base-cased-v1.1
05/26/2021 09:53:04 - DEBUG - urllib3.connectionpool -   Starting new HTTPS connection (1): huggingface.co:443
05/26/2021 09:53:05 - DEBUG - urllib3.connectionpool -   https://huggingface.co:443 "HEAD /dmis-lab/biobert-base-cased-v1.1/resolve/main/vocab.txt HTTP/1.1" 200 0
05/26/2021 09:53:05 - DEBUG - urllib3.connectionpool -   Starting new HTTPS connection (1): huggingface.co:443
05/26/2021 09:53:06 - DEBUG - urllib3.connectionpool -   https://huggingface.co:443 "HEAD /dmis-lab/biobert-base-cased-v1.1/resolve/main/added_tokens.json HTTP/1.1" 404 0
05/26/2021 09:53:06 - DEBUG - urllib3.connectionpool -   Starting new HTTPS connection (1): huggingface.co:443
05/26/2021 09:53:07 - DEBUG - urllib3.connectionpool -   https://huggingface.co:443 "HEAD /dmis-lab/biobert-base-cased-v1.1/resolve/main/special_tokens_map.json HTTP/1.1" 404 0
05/26/2021 09:53:07 - DEBUG - urllib3.connectionpool -   Starting new HTTPS connection (1): huggingface.co:443
05/26/2021 09:53:09 - DEBUG - urllib3.connectionpool -   https://huggingface.co:443 "HEAD /dmis-lab/biobert-base-cased-v1.1/resolve/main/tokenizer_config.json HTTP/1.1" 404 0
05/26/2021 09:53:09 - DEBUG - urllib3.connectionpool -   Starting new HTTPS connection (1): huggingface.co:443
05/26/2021 09:53:10 - DEBUG - urllib3.connectionpool -   https://huggingface.co:443 "HEAD /dmis-lab/biobert-base-cased-v1.1/resolve/main/tokenizer.json HTTP/1.1" 404 0
05/26/2021 09:53:10 - DEBUG - urllib3.connectionpool -   Starting new HTTPS connection (1): huggingface.co:443
05/26/2021 09:53:11 - DEBUG - urllib3.connectionpool -   https://huggingface.co:443 "HEAD /dmis-lab/biobert-base-cased-v1.1/resolve/main/config.json HTTP/1.1" 200 0
05/26/2021 09:53:11 - DEBUG - urllib3.connectionpool -   Starting new HTTPS connection (1): huggingface.co:443
05/26/2021 09:53:12 - DEBUG - urllib3.connectionpool -   https://huggingface.co:443 "HEAD /dmis-lab/biobert-base-cased-v1.1/resolve/main/config.json HTTP/1.1" 200 0
05/26/2021 09:53:12 - DEBUG - urllib3.connectionpool -   Starting new HTTPS connection (1): huggingface.co:443
05/26/2021 09:53:13 - DEBUG - urllib3.connectionpool -   https://huggingface.co:443 "HEAD /dmis-lab/biobert-base-cased-v1.1/resolve/main/pytorch_model.bin HTTP/1.1" 302 0
05/26/2021 09:53:16 - INFO - dataloader -   loading train dataset.
05/26/2021 09:53:16 - INFO - dataloader -   Loading data from: ../data/train.txt.
05/26/2021 09:53:16 - INFO - dataloader -   Positive: 2614 (ThemeOf: 1654, CauseOf: 960), Negative: 2614.
05/26/2021 09:53:16 - INFO - dataloader -   loading test dataset.
05/26/2021 09:53:16 - INFO - dataloader -   Loading data from: ../data/test.txt.
05/26/2021 09:53:16 - INFO - __main__ -   Loading Inference data.
05/26/2021 09:53:16 - INFO - dataloader -   Loading data from: ../data/ad_infer_data/ad.word-piece.re.txt.
05/26/2021 09:53:59 - INFO - dataloader -   Inference data size: 2228917
05/26/2021 09:53:59 - INFO - __main__ -   Loading Adam optimizer.
05/26/2021 09:53:59 - INFO - __main__ -   Training Start.
05/26/2021 09:54:00 - INFO - root -   epoch: 0, step: 0, loss: 1.1126
05/26/2021 09:54:00 - INFO - root -   epoch: 0, step: 1, loss: 1.0869
05/26/2021 09:54:00 - INFO - root -   epoch: 0, step: 2, loss: 1.0810
05/26/2021 09:54:01 - INFO - root -   epoch: 0, step: 3, loss: 1.0245
05/26/2021 09:54:01 - INFO - root -   epoch: 0, step: 4, loss: 1.0388
05/26/2021 09:54:01 - INFO - root -   epoch: 0, step: 5, loss: 1.0945
05/26/2021 09:54:02 - INFO - root -   epoch: 0, step: 6, loss: 1.0250
05/26/2021 09:54:02 - INFO - root -   epoch: 0, step: 7, loss: 1.0748
05/26/2021 09:54:02 - INFO - root -   epoch: 0, step: 8, loss: 1.1932
05/26/2021 09:54:02 - INFO - root -   epoch: 0, step: 9, loss: 1.1609
05/26/2021 09:54:03 - INFO - root -   epoch: 0, step: 10, loss: 0.9027
05/26/2021 09:54:03 - INFO - root -   epoch: 0, step: 11, loss: 0.9814
05/26/2021 09:54:03 - INFO - root -   epoch: 0, step: 12, loss: 1.0350
05/26/2021 09:54:03 - INFO - root -   epoch: 0, step: 13, loss: 1.0251
05/26/2021 09:54:04 - INFO - root -   epoch: 0, step: 14, loss: 1.1269
05/26/2021 09:54:04 - INFO - root -   epoch: 0, step: 15, loss: 1.0221
05/26/2021 09:54:05 - INFO - root -   epoch: 0, step: 16, loss: 0.9683
05/26/2021 09:54:05 - INFO - root -   epoch: 0, step: 17, loss: 0.9704
05/26/2021 09:54:05 - INFO - root -   epoch: 0, step: 18, loss: 1.0971
05/26/2021 09:54:05 - INFO - root -   epoch: 0, step: 19, loss: 0.9364
05/26/2021 09:54:06 - INFO - root -   epoch: 0, step: 20, loss: 1.0381
05/26/2021 09:54:06 - INFO - root -   epoch: 0, step: 21, loss: 1.0662
05/26/2021 09:54:06 - INFO - root -   epoch: 0, step: 22, loss: 1.1066
05/26/2021 09:54:07 - INFO - root -   epoch: 0, step: 23, loss: 0.9719
05/26/2021 09:54:07 - INFO - root -   epoch: 0, step: 24, loss: 0.8982
05/26/2021 09:54:07 - INFO - root -   epoch: 0, step: 25, loss: 1.0565
05/26/2021 09:54:07 - INFO - root -   epoch: 0, step: 26, loss: 0.9325
05/26/2021 09:54:08 - INFO - root -   epoch: 0, step: 27, loss: 1.1338
05/26/2021 09:54:08 - INFO - root -   epoch: 0, step: 28, loss: 0.9405
05/26/2021 09:54:08 - INFO - root -   epoch: 0, step: 29, loss: 1.0067
05/26/2021 09:54:08 - INFO - root -   epoch: 0, step: 30, loss: 1.0204
05/26/2021 09:54:09 - INFO - root -   epoch: 0, step: 31, loss: 0.7224
05/26/2021 09:54:09 - INFO - root -   epoch: 0, step: 32, loss: 1.0362
05/26/2021 09:54:09 - INFO - root -   epoch: 0, step: 33, loss: 1.0146
05/26/2021 09:54:10 - INFO - root -   epoch: 0, step: 34, loss: 0.9546
05/26/2021 09:54:10 - INFO - root -   epoch: 0, step: 35, loss: 0.9585
05/26/2021 09:54:10 - INFO - root -   epoch: 0, step: 36, loss: 1.0303
05/26/2021 09:54:10 - INFO - root -   epoch: 0, step: 37, loss: 0.9625
05/26/2021 09:54:11 - INFO - root -   epoch: 0, step: 38, loss: 1.1227
05/26/2021 09:54:11 - INFO - root -   epoch: 0, step: 39, loss: 1.0011
05/26/2021 09:54:11 - INFO - root -   epoch: 0, step: 40, loss: 0.9083
05/26/2021 09:54:12 - INFO - root -   epoch: 0, step: 41, loss: 0.7351
05/26/2021 09:54:12 - INFO - root -   epoch: 0, step: 42, loss: 0.8276
05/26/2021 09:54:12 - INFO - root -   epoch: 0, step: 43, loss: 0.9833
05/26/2021 09:54:12 - INFO - root -   epoch: 0, step: 44, loss: 1.0069
05/26/2021 09:54:13 - INFO - root -   epoch: 0, step: 45, loss: 0.8708
05/26/2021 09:54:13 - INFO - root -   epoch: 0, step: 46, loss: 0.9753
05/26/2021 09:54:13 - INFO - root -   epoch: 0, step: 47, loss: 0.8232
05/26/2021 09:54:13 - INFO - root -   epoch: 0, step: 48, loss: 0.7997
05/26/2021 09:54:14 - INFO - root -   epoch: 0, step: 49, loss: 0.8298
05/26/2021 09:54:14 - INFO - root -   epoch: 0, step: 50, loss: 0.8531
05/26/2021 09:54:14 - INFO - root -   epoch: 0, step: 51, loss: 0.9567
05/26/2021 09:54:15 - INFO - root -   epoch: 0, step: 52, loss: 0.6201
05/26/2021 09:54:15 - INFO - root -   epoch: 0, step: 53, loss: 0.8900
05/26/2021 09:54:15 - INFO - root -   epoch: 0, step: 54, loss: 0.6924
05/26/2021 09:54:16 - INFO - root -   epoch: 0, step: 55, loss: 0.7848
05/26/2021 09:54:16 - INFO - root -   epoch: 0, step: 56, loss: 0.6772
05/26/2021 09:54:16 - INFO - root -   epoch: 0, step: 57, loss: 0.5982
05/26/2021 09:54:17 - INFO - root -   epoch: 0, step: 58, loss: 0.7012
05/26/2021 09:54:17 - INFO - root -   epoch: 0, step: 59, loss: 0.7870
05/26/2021 09:54:17 - INFO - root -   epoch: 0, step: 60, loss: 0.7608
05/26/2021 09:54:17 - INFO - root -   epoch: 0, step: 61, loss: 0.6743
05/26/2021 09:54:18 - INFO - root -   epoch: 0, step: 62, loss: 0.7538
05/26/2021 09:54:18 - INFO - root -   epoch: 0, step: 63, loss: 0.6162
05/26/2021 09:54:18 - INFO - root -   epoch: 0, step: 64, loss: 0.5774
05/26/2021 09:54:18 - INFO - root -   epoch: 0, step: 65, loss: 0.6117
05/26/2021 09:54:19 - INFO - root -   epoch: 0, step: 66, loss: 0.6610
05/26/2021 09:54:19 - INFO - root -   epoch: 0, step: 67, loss: 0.4828
05/26/2021 09:54:19 - INFO - root -   epoch: 0, step: 68, loss: 0.8602
05/26/2021 09:54:20 - INFO - root -   epoch: 0, step: 69, loss: 0.6071
05/26/2021 09:54:20 - INFO - root -   epoch: 0, step: 70, loss: 0.5000
05/26/2021 09:54:20 - INFO - root -   epoch: 0, step: 71, loss: 0.9061
05/26/2021 09:54:20 - INFO - root -   epoch: 0, step: 72, loss: 0.5725
05/26/2021 09:54:21 - INFO - root -   epoch: 0, step: 73, loss: 0.4824
05/26/2021 09:54:21 - INFO - root -   epoch: 0, step: 74, loss: 0.4781
05/26/2021 09:54:21 - INFO - root -   epoch: 0, step: 75, loss: 1.1671
05/26/2021 09:54:22 - INFO - root -   epoch: 0, step: 76, loss: 0.7620
05/26/2021 09:54:22 - INFO - root -   epoch: 0, step: 77, loss: 0.7538
05/26/2021 09:54:22 - INFO - root -   epoch: 0, step: 78, loss: 0.6385
05/26/2021 09:54:22 - INFO - root -   epoch: 0, step: 79, loss: 0.5137
05/26/2021 09:54:23 - INFO - root -   epoch: 0, step: 80, loss: 0.4766
05/26/2021 09:54:23 - INFO - root -   epoch: 0, step: 81, loss: 0.5976
05/26/2021 09:54:23 - INFO - root -   epoch: 0, step: 82, loss: 0.5583
05/26/2021 09:54:24 - INFO - root -   epoch: 0, step: 83, loss: 0.6812
05/26/2021 09:54:24 - INFO - root -   epoch: 0, step: 84, loss: 0.6021
05/26/2021 09:54:24 - INFO - root -   epoch: 0, step: 85, loss: 0.4495
05/26/2021 09:54:24 - INFO - root -   epoch: 0, step: 86, loss: 0.6272
05/26/2021 09:54:25 - INFO - root -   epoch: 0, step: 87, loss: 0.4277
05/26/2021 09:54:25 - INFO - root -   epoch: 0, step: 88, loss: 0.4440
05/26/2021 09:54:25 - INFO - root -   epoch: 0, step: 89, loss: 0.2884
05/26/2021 09:54:26 - INFO - root -   epoch: 0, step: 90, loss: 0.7182
05/26/2021 09:54:26 - INFO - root -   epoch: 0, step: 91, loss: 0.7150
05/26/2021 09:54:26 - INFO - root -   epoch: 0, step: 92, loss: 0.5925
05/26/2021 09:54:27 - INFO - root -   epoch: 0, step: 93, loss: 0.6554
05/26/2021 09:54:27 - INFO - root -   epoch: 0, step: 94, loss: 0.5728
05/26/2021 09:54:27 - INFO - root -   epoch: 0, step: 95, loss: 0.4200
05/26/2021 09:54:28 - INFO - root -   epoch: 0, step: 96, loss: 0.4457
05/26/2021 09:54:28 - INFO - root -   epoch: 0, step: 97, loss: 0.4390
05/26/2021 09:54:28 - INFO - root -   epoch: 0, step: 98, loss: 0.3842
05/26/2021 09:54:28 - INFO - root -   epoch: 0, step: 99, loss: 0.2367
05/26/2021 09:54:29 - INFO - root -   epoch: 0, step: 100, loss: 0.7387
05/26/2021 09:54:29 - INFO - root -   epoch: 0, step: 101, loss: 0.4988
05/26/2021 09:54:29 - INFO - root -   epoch: 0, step: 102, loss: 0.6239
05/26/2021 09:54:30 - INFO - root -   epoch: 0, step: 103, loss: 0.9094
05/26/2021 09:54:30 - INFO - root -   epoch: 0, step: 104, loss: 0.3452
05/26/2021 09:54:30 - INFO - root -   epoch: 0, step: 105, loss: 0.5517
05/26/2021 09:54:30 - INFO - root -   epoch: 0, step: 106, loss: 0.5371
05/26/2021 09:54:31 - INFO - root -   epoch: 0, step: 107, loss: 0.6203
05/26/2021 09:54:31 - INFO - root -   epoch: 0, step: 108, loss: 0.3541
05/26/2021 09:54:31 - INFO - root -   epoch: 0, step: 109, loss: 0.5278
05/26/2021 09:54:32 - INFO - root -   epoch: 0, step: 110, loss: 0.5145
05/26/2021 09:54:32 - INFO - root -   epoch: 0, step: 111, loss: 0.6777
05/26/2021 09:54:32 - INFO - root -   epoch: 0, step: 112, loss: 0.2940
05/26/2021 09:54:33 - INFO - root -   epoch: 0, step: 113, loss: 0.7421
05/26/2021 09:54:33 - INFO - root -   epoch: 0, step: 114, loss: 0.6696
05/26/2021 09:54:33 - INFO - root -   epoch: 0, step: 115, loss: 0.7271
05/26/2021 09:54:33 - INFO - root -   epoch: 0, step: 116, loss: 0.4590
05/26/2021 09:54:34 - INFO - root -   epoch: 0, step: 117, loss: 0.4900
05/26/2021 09:54:34 - INFO - root -   epoch: 0, step: 118, loss: 0.6606
05/26/2021 09:54:34 - INFO - root -   epoch: 0, step: 119, loss: 0.9183
05/26/2021 09:54:35 - INFO - root -   epoch: 0, step: 120, loss: 0.7168
05/26/2021 09:54:35 - INFO - root -   epoch: 0, step: 121, loss: 0.3353
05/26/2021 09:54:35 - INFO - root -   epoch: 0, step: 122, loss: 0.5151
05/26/2021 09:54:35 - INFO - root -   epoch: 0, step: 123, loss: 0.6574
05/26/2021 09:54:36 - INFO - root -   epoch: 0, step: 124, loss: 0.4979
05/26/2021 09:54:36 - INFO - root -   epoch: 0, step: 125, loss: 0.4924
05/26/2021 09:54:36 - INFO - root -   epoch: 0, step: 126, loss: 0.5655
05/26/2021 09:54:37 - INFO - root -   epoch: 0, step: 127, loss: 0.4060
05/26/2021 09:54:37 - INFO - root -   epoch: 0, step: 128, loss: 0.3384
05/26/2021 09:54:37 - INFO - root -   epoch: 0, step: 129, loss: 0.3714
05/26/2021 09:54:37 - INFO - root -   epoch: 0, step: 130, loss: 0.5228
05/26/2021 09:54:38 - INFO - root -   epoch: 0, step: 131, loss: 0.5255
05/26/2021 09:54:38 - INFO - root -   epoch: 0, step: 132, loss: 0.5510
05/26/2021 09:54:38 - INFO - root -   epoch: 0, step: 133, loss: 0.8817
05/26/2021 09:54:39 - INFO - root -   epoch: 0, step: 134, loss: 0.4821
05/26/2021 09:54:39 - INFO - root -   epoch: 0, step: 135, loss: 0.4068
05/26/2021 09:54:39 - INFO - root -   epoch: 0, step: 136, loss: 0.4189
05/26/2021 09:54:39 - INFO - root -   epoch: 0, step: 137, loss: 0.5300
05/26/2021 09:54:40 - INFO - root -   epoch: 0, step: 138, loss: 0.5978
05/26/2021 09:54:40 - INFO - root -   epoch: 0, step: 139, loss: 0.3452
05/26/2021 09:54:40 - INFO - root -   epoch: 0, step: 140, loss: 0.6028
05/26/2021 09:54:40 - INFO - root -   epoch: 0, step: 141, loss: 0.4274
05/26/2021 09:54:41 - INFO - root -   epoch: 0, step: 142, loss: 0.3974
05/26/2021 09:54:41 - INFO - root -   epoch: 0, step: 143, loss: 0.1913
05/26/2021 09:54:41 - INFO - root -   epoch: 0, step: 144, loss: 0.3852
05/26/2021 09:54:42 - INFO - root -   epoch: 0, step: 145, loss: 0.3299
05/26/2021 09:54:42 - INFO - root -   epoch: 0, step: 146, loss: 0.1642
05/26/2021 09:54:42 - INFO - root -   epoch: 0, step: 147, loss: 0.4991
05/26/2021 09:54:42 - INFO - root -   epoch: 0, step: 148, loss: 0.5321
05/26/2021 09:54:43 - INFO - root -   epoch: 0, step: 149, loss: 0.5530
05/26/2021 09:54:43 - INFO - root -   epoch: 0, step: 150, loss: 0.4344
05/26/2021 09:54:43 - INFO - root -   epoch: 0, step: 151, loss: 0.6081
05/26/2021 09:54:44 - INFO - root -   epoch: 0, step: 152, loss: 0.2793
05/26/2021 09:54:44 - INFO - root -   epoch: 0, step: 153, loss: 0.5377
05/26/2021 09:54:44 - INFO - root -   epoch: 0, step: 154, loss: 0.2449
05/26/2021 09:54:44 - INFO - root -   epoch: 0, step: 155, loss: 0.7885
05/26/2021 09:54:45 - INFO - root -   epoch: 0, step: 156, loss: 0.6180
05/26/2021 09:54:45 - INFO - root -   epoch: 0, step: 157, loss: 0.2470
05/26/2021 09:54:45 - INFO - root -   epoch: 0, step: 158, loss: 0.4934
05/26/2021 09:54:45 - INFO - root -   epoch: 0, step: 159, loss: 0.5387
05/26/2021 09:54:46 - INFO - root -   epoch: 0, step: 160, loss: 0.4872
05/26/2021 09:54:46 - INFO - root -   epoch: 0, step: 161, loss: 0.7031
05/26/2021 09:54:46 - INFO - root -   epoch: 0, step: 162, loss: 0.5175
05/26/2021 09:54:47 - INFO - root -   epoch: 0, step: 163, loss: 0.8002
05/26/2021 09:54:47 - INFO - root -   epoch: 0, step: 164, loss: 0.3794
05/26/2021 09:54:47 - INFO - root -   epoch: 0, step: 165, loss: 0.2820
05/26/2021 09:54:48 - INFO - root -   epoch: 0, step: 166, loss: 0.2477
05/26/2021 09:54:48 - INFO - root -   epoch: 0, step: 167, loss: 0.7640
05/26/2021 09:54:48 - INFO - root -   epoch: 0, step: 168, loss: 0.2532
05/26/2021 09:54:48 - INFO - root -   epoch: 0, step: 169, loss: 0.5371
05/26/2021 09:54:49 - INFO - root -   epoch: 0, step: 170, loss: 0.4562
05/26/2021 09:54:49 - INFO - root -   epoch: 0, step: 171, loss: 0.3914
05/26/2021 09:54:49 - INFO - root -   epoch: 0, step: 172, loss: 0.4556
05/26/2021 09:54:50 - INFO - root -   epoch: 0, step: 173, loss: 0.5211
05/26/2021 09:54:50 - INFO - root -   epoch: 0, step: 174, loss: 0.3700
05/26/2021 09:54:50 - INFO - root -   epoch: 0, step: 175, loss: 0.5993
05/26/2021 09:54:50 - INFO - root -   epoch: 0, step: 176, loss: 0.3894
05/26/2021 09:54:51 - INFO - root -   epoch: 0, step: 177, loss: 1.0149
05/26/2021 09:54:51 - INFO - root -   epoch: 0, step: 178, loss: 0.3198
05/26/2021 09:54:51 - INFO - root -   epoch: 0, step: 179, loss: 0.5118
05/26/2021 09:54:52 - INFO - root -   epoch: 0, step: 180, loss: 0.5484
05/26/2021 09:54:52 - INFO - root -   epoch: 0, step: 181, loss: 0.2373
05/26/2021 09:54:52 - INFO - root -   epoch: 0, step: 182, loss: 0.3260
05/26/2021 09:54:52 - INFO - root -   epoch: 0, step: 183, loss: 0.5473
05/26/2021 09:54:53 - INFO - root -   epoch: 0, step: 184, loss: 0.2774
05/26/2021 09:54:53 - INFO - root -   epoch: 0, step: 185, loss: 0.3950
05/26/2021 09:54:53 - INFO - root -   epoch: 0, step: 186, loss: 0.4232
05/26/2021 09:54:54 - INFO - root -   epoch: 0, step: 187, loss: 0.5494
05/26/2021 09:54:54 - INFO - root -   epoch: 0, step: 188, loss: 0.6706
05/26/2021 09:54:54 - INFO - root -   epoch: 0, step: 189, loss: 0.5267
05/26/2021 09:54:55 - INFO - root -   epoch: 0, step: 190, loss: 0.5466
05/26/2021 09:54:55 - INFO - root -   epoch: 0, step: 191, loss: 0.4105
05/26/2021 09:54:55 - INFO - root -   epoch: 0, step: 192, loss: 0.4834
05/26/2021 09:54:55 - INFO - root -   epoch: 0, step: 193, loss: 0.3207
05/26/2021 09:54:56 - INFO - root -   epoch: 0, step: 194, loss: 0.2904
05/26/2021 09:54:56 - INFO - root -   epoch: 0, step: 195, loss: 0.4212
05/26/2021 09:54:56 - INFO - root -   epoch: 0, step: 196, loss: 0.4940
05/26/2021 09:54:56 - INFO - root -   epoch: 0, step: 197, loss: 0.5216
05/26/2021 09:54:57 - INFO - root -   epoch: 0, step: 198, loss: 0.3208
05/26/2021 09:54:57 - INFO - root -   epoch: 0, step: 199, loss: 0.1557
05/26/2021 09:54:57 - INFO - root -   epoch: 0, step: 200, loss: 0.3736
05/26/2021 09:54:57 - INFO - root -   epoch: 0, step: 201, loss: 0.7771
05/26/2021 09:54:58 - INFO - root -   epoch: 0, step: 202, loss: 0.2770
05/26/2021 09:54:58 - INFO - root -   epoch: 0, step: 203, loss: 0.2324
05/26/2021 09:54:58 - INFO - root -   epoch: 0, step: 204, loss: 0.2696
05/26/2021 09:54:59 - INFO - root -   epoch: 0, step: 205, loss: 0.3176
05/26/2021 09:54:59 - INFO - root -   epoch: 0, step: 206, loss: 0.3595
05/26/2021 09:54:59 - INFO - root -   epoch: 0, step: 207, loss: 0.3827
05/26/2021 09:55:00 - INFO - root -   epoch: 0, step: 208, loss: 0.2508
05/26/2021 09:55:00 - INFO - root -   epoch: 0, step: 209, loss: 0.3116
05/26/2021 09:55:00 - INFO - root -   epoch: 0, step: 210, loss: 0.4717
05/26/2021 09:55:01 - INFO - root -   epoch: 0, step: 211, loss: 0.6872
05/26/2021 09:55:01 - INFO - root -   epoch: 0, step: 212, loss: 0.4711
05/26/2021 09:55:01 - INFO - root -   epoch: 0, step: 213, loss: 0.1878
05/26/2021 09:55:01 - INFO - root -   epoch: 0, step: 214, loss: 0.2279
05/26/2021 09:55:02 - INFO - root -   epoch: 0, step: 215, loss: 0.3505
05/26/2021 09:55:02 - INFO - root -   epoch: 0, step: 216, loss: 0.2454
05/26/2021 09:55:02 - INFO - root -   epoch: 0, step: 217, loss: 0.5510
05/26/2021 09:55:23 - INFO - root -   Epoch: 0, Epoch-Average Loss: 0.6287
05/26/2021 09:55:23 - INFO - __main__ -   Accuracy: 0.8845, Precision: 0.9856, Recall: 0.8482, F1-score: 0.9118
05/26/2021 09:55:26 - INFO - __main__ -   Updated model, best F1-score: 0.9118

05/26/2021 09:55:26 - INFO - __main__ -   Direct inference.
05/26/2021 09:55:26 - INFO - root -   epoch: 1, step: 0, loss: 0.3511
05/26/2021 09:55:26 - INFO - root -   epoch: 1, step: 1, loss: 0.4137
05/26/2021 09:55:26 - INFO - root -   epoch: 1, step: 2, loss: 0.5565
05/26/2021 09:55:26 - INFO - root -   epoch: 1, step: 3, loss: 0.1647
05/26/2021 09:55:27 - INFO - root -   epoch: 1, step: 4, loss: 0.3865
05/26/2021 09:55:27 - INFO - root -   epoch: 1, step: 5, loss: 0.4001
05/26/2021 09:55:27 - INFO - root -   epoch: 1, step: 6, loss: 0.4410
05/26/2021 09:55:28 - INFO - root -   epoch: 1, step: 7, loss: 0.2569
05/26/2021 09:55:28 - INFO - root -   epoch: 1, step: 8, loss: 0.1687
05/26/2021 09:55:29 - INFO - root -   epoch: 1, step: 9, loss: 0.4822
05/26/2021 09:55:29 - INFO - root -   epoch: 1, step: 10, loss: 0.2734
05/26/2021 09:55:29 - INFO - root -   epoch: 1, step: 11, loss: 0.3559
05/26/2021 09:55:30 - INFO - root -   epoch: 1, step: 12, loss: 0.4090
05/26/2021 09:55:30 - INFO - root -   epoch: 1, step: 13, loss: 0.3264
05/26/2021 09:55:30 - INFO - root -   epoch: 1, step: 14, loss: 0.1056
05/26/2021 09:55:31 - INFO - root -   epoch: 1, step: 15, loss: 0.3336
05/26/2021 09:55:31 - INFO - root -   epoch: 1, step: 16, loss: 0.4640
05/26/2021 09:55:31 - INFO - root -   epoch: 1, step: 17, loss: 0.2857
05/26/2021 09:55:32 - INFO - root -   epoch: 1, step: 18, loss: 0.5046
05/26/2021 09:55:32 - INFO - root -   epoch: 1, step: 19, loss: 0.2550
05/26/2021 09:55:32 - INFO - root -   epoch: 1, step: 20, loss: 0.1335
05/26/2021 09:55:33 - INFO - root -   epoch: 1, step: 21, loss: 0.4486
05/26/2021 09:55:33 - INFO - root -   epoch: 1, step: 22, loss: 0.3300
05/26/2021 09:55:33 - INFO - root -   epoch: 1, step: 23, loss: 0.7230
05/26/2021 09:55:33 - INFO - root -   epoch: 1, step: 24, loss: 0.3493
05/26/2021 09:55:34 - INFO - root -   epoch: 1, step: 25, loss: 0.3556
05/26/2021 09:55:34 - INFO - root -   epoch: 1, step: 26, loss: 0.4302
05/26/2021 09:55:34 - INFO - root -   epoch: 1, step: 27, loss: 0.5753
05/26/2021 09:55:35 - INFO - root -   epoch: 1, step: 28, loss: 0.4401
05/26/2021 09:55:35 - INFO - root -   epoch: 1, step: 29, loss: 0.2918
05/26/2021 09:55:35 - INFO - root -   epoch: 1, step: 30, loss: 0.5278
05/26/2021 09:55:35 - INFO - root -   epoch: 1, step: 31, loss: 0.4126
05/26/2021 09:55:36 - INFO - root -   epoch: 1, step: 32, loss: 0.5303
05/26/2021 09:55:36 - INFO - root -   epoch: 1, step: 33, loss: 0.2808
05/26/2021 09:55:36 - INFO - root -   epoch: 1, step: 34, loss: 0.1789
05/26/2021 09:55:36 - INFO - root -   epoch: 1, step: 35, loss: 0.3529
05/26/2021 09:55:37 - INFO - root -   epoch: 1, step: 36, loss: 0.1792
05/26/2021 09:55:37 - INFO - root -   epoch: 1, step: 37, loss: 0.4735
05/26/2021 09:55:37 - INFO - root -   epoch: 1, step: 38, loss: 0.5228
05/26/2021 09:55:38 - INFO - root -   epoch: 1, step: 39, loss: 0.3386
05/26/2021 09:55:38 - INFO - root -   epoch: 1, step: 40, loss: 0.3283
05/26/2021 09:55:38 - INFO - root -   epoch: 1, step: 41, loss: 0.2235
05/26/2021 09:55:38 - INFO - root -   epoch: 1, step: 42, loss: 0.1736
05/26/2021 09:55:39 - INFO - root -   epoch: 1, step: 43, loss: 0.3489
05/26/2021 09:55:39 - INFO - root -   epoch: 1, step: 44, loss: 0.3597
05/26/2021 09:55:39 - INFO - root -   epoch: 1, step: 45, loss: 0.2662
05/26/2021 09:55:40 - INFO - root -   epoch: 1, step: 46, loss: 0.5737
05/26/2021 09:55:40 - INFO - root -   epoch: 1, step: 47, loss: 0.4181
05/26/2021 09:55:40 - INFO - root -   epoch: 1, step: 48, loss: 0.2585
05/26/2021 09:55:41 - INFO - root -   epoch: 1, step: 49, loss: 0.1643
05/26/2021 09:55:41 - INFO - root -   epoch: 1, step: 50, loss: 0.3374
05/26/2021 09:55:42 - INFO - root -   epoch: 1, step: 51, loss: 0.3010
05/26/2021 09:55:42 - INFO - root -   epoch: 1, step: 52, loss: 0.2986
05/26/2021 09:55:42 - INFO - root -   epoch: 1, step: 53, loss: 0.1670
05/26/2021 09:55:43 - INFO - root -   epoch: 1, step: 54, loss: 0.3953
05/26/2021 09:55:43 - INFO - root -   epoch: 1, step: 55, loss: 0.5680
05/26/2021 09:55:43 - INFO - root -   epoch: 1, step: 56, loss: 0.2234
05/26/2021 09:55:43 - INFO - root -   epoch: 1, step: 57, loss: 0.1784
05/26/2021 09:55:44 - INFO - root -   epoch: 1, step: 58, loss: 0.4638
05/26/2021 09:55:44 - INFO - root -   epoch: 1, step: 59, loss: 0.7382
05/26/2021 09:55:44 - INFO - root -   epoch: 1, step: 60, loss: 0.7583
05/26/2021 09:55:45 - INFO - root -   epoch: 1, step: 61, loss: 0.4231
05/26/2021 09:55:45 - INFO - root -   epoch: 1, step: 62, loss: 0.6135
05/26/2021 09:55:45 - INFO - root -   epoch: 1, step: 63, loss: 0.7109
05/26/2021 09:55:45 - INFO - root -   epoch: 1, step: 64, loss: 0.4412
05/26/2021 09:55:46 - INFO - root -   epoch: 1, step: 65, loss: 0.8027
05/26/2021 09:55:46 - INFO - root -   epoch: 1, step: 66, loss: 0.1994
05/26/2021 09:55:46 - INFO - root -   epoch: 1, step: 67, loss: 0.2950
05/26/2021 09:55:47 - INFO - root -   epoch: 1, step: 68, loss: 0.3170
05/26/2021 09:55:47 - INFO - root -   epoch: 1, step: 69, loss: 0.2353
05/26/2021 09:55:47 - INFO - root -   epoch: 1, step: 70, loss: 0.3891
05/26/2021 09:55:48 - INFO - root -   epoch: 1, step: 71, loss: 0.2819
05/26/2021 09:55:48 - INFO - root -   epoch: 1, step: 72, loss: 0.4974
05/26/2021 09:55:48 - INFO - root -   epoch: 1, step: 73, loss: 0.4277
05/26/2021 09:55:49 - INFO - root -   epoch: 1, step: 74, loss: 0.2125
05/26/2021 09:55:49 - INFO - root -   epoch: 1, step: 75, loss: 0.3844
05/26/2021 09:55:49 - INFO - root -   epoch: 1, step: 76, loss: 0.1692
05/26/2021 09:55:50 - INFO - root -   epoch: 1, step: 77, loss: 0.3860
05/26/2021 09:55:50 - INFO - root -   epoch: 1, step: 78, loss: 0.5737
05/26/2021 09:55:50 - INFO - root -   epoch: 1, step: 79, loss: 0.3101
05/26/2021 09:55:51 - INFO - root -   epoch: 1, step: 80, loss: 0.6330
05/26/2021 09:55:51 - INFO - root -   epoch: 1, step: 81, loss: 0.3934
05/26/2021 09:55:51 - INFO - root -   epoch: 1, step: 82, loss: 0.3278
05/26/2021 09:55:52 - INFO - root -   epoch: 1, step: 83, loss: 0.1729
05/26/2021 09:55:52 - INFO - root -   epoch: 1, step: 84, loss: 0.4922
05/26/2021 09:55:52 - INFO - root -   epoch: 1, step: 85, loss: 0.3296
05/26/2021 09:55:53 - INFO - root -   epoch: 1, step: 86, loss: 0.3210
05/26/2021 09:55:53 - INFO - root -   epoch: 1, step: 87, loss: 0.2191
05/26/2021 09:55:53 - INFO - root -   epoch: 1, step: 88, loss: 0.2289
05/26/2021 09:55:54 - INFO - root -   epoch: 1, step: 89, loss: 0.3883
05/26/2021 09:55:54 - INFO - root -   epoch: 1, step: 90, loss: 0.4337
05/26/2021 09:55:54 - INFO - root -   epoch: 1, step: 91, loss: 0.1859
05/26/2021 09:55:55 - INFO - root -   epoch: 1, step: 92, loss: 0.4298
05/26/2021 09:55:55 - INFO - root -   epoch: 1, step: 93, loss: 0.4212
05/26/2021 09:55:55 - INFO - root -   epoch: 1, step: 94, loss: 0.1967
05/26/2021 09:55:56 - INFO - root -   epoch: 1, step: 95, loss: 0.3989
05/26/2021 09:55:56 - INFO - root -   epoch: 1, step: 96, loss: 0.3378
05/26/2021 09:55:56 - INFO - root -   epoch: 1, step: 97, loss: 0.3230
05/26/2021 09:55:56 - INFO - root -   epoch: 1, step: 98, loss: 0.2362
05/26/2021 09:55:57 - INFO - root -   epoch: 1, step: 99, loss: 0.2090
05/26/2021 09:55:57 - INFO - root -   epoch: 1, step: 100, loss: 0.4595
05/26/2021 09:55:57 - INFO - root -   epoch: 1, step: 101, loss: 0.3022
05/26/2021 09:55:58 - INFO - root -   epoch: 1, step: 102, loss: 0.3960
05/26/2021 09:55:58 - INFO - root -   epoch: 1, step: 103, loss: 0.2080
05/26/2021 09:55:58 - INFO - root -   epoch: 1, step: 104, loss: 0.4308
05/26/2021 09:55:58 - INFO - root -   epoch: 1, step: 105, loss: 0.3055
05/26/2021 09:55:59 - INFO - root -   epoch: 1, step: 106, loss: 0.3732
05/26/2021 09:55:59 - INFO - root -   epoch: 1, step: 107, loss: 0.3898
05/26/2021 09:55:59 - INFO - root -   epoch: 1, step: 108, loss: 0.2920
05/26/2021 09:56:00 - INFO - root -   epoch: 1, step: 109, loss: 0.3199
05/26/2021 09:56:00 - INFO - root -   epoch: 1, step: 110, loss: 0.5721
05/26/2021 09:56:00 - INFO - root -   epoch: 1, step: 111, loss: 0.2830
05/26/2021 09:56:01 - INFO - root -   epoch: 1, step: 112, loss: 0.3083
05/26/2021 09:56:01 - INFO - root -   epoch: 1, step: 113, loss: 0.4182
05/26/2021 09:56:01 - INFO - root -   epoch: 1, step: 114, loss: 0.4898
05/26/2021 09:56:02 - INFO - root -   epoch: 1, step: 115, loss: 0.4104
05/26/2021 09:56:02 - INFO - root -   epoch: 1, step: 116, loss: 0.1431
05/26/2021 09:56:02 - INFO - root -   epoch: 1, step: 117, loss: 0.3940
05/26/2021 09:56:03 - INFO - root -   epoch: 1, step: 118, loss: 0.3283
05/26/2021 09:56:03 - INFO - root -   epoch: 1, step: 119, loss: 0.4391
05/26/2021 09:56:03 - INFO - root -   epoch: 1, step: 120, loss: 0.1409
05/26/2021 09:56:03 - INFO - root -   epoch: 1, step: 121, loss: 0.1808
05/26/2021 09:56:04 - INFO - root -   epoch: 1, step: 122, loss: 0.5497
05/26/2021 09:56:04 - INFO - root -   epoch: 1, step: 123, loss: 0.3968
05/26/2021 09:56:04 - INFO - root -   epoch: 1, step: 124, loss: 0.4948
05/26/2021 09:56:04 - INFO - root -   epoch: 1, step: 125, loss: 0.2127
05/26/2021 09:56:05 - INFO - root -   epoch: 1, step: 126, loss: 0.5537
05/26/2021 09:56:05 - INFO - root -   epoch: 1, step: 127, loss: 0.4549
05/26/2021 09:56:05 - INFO - root -   epoch: 1, step: 128, loss: 0.5093
05/26/2021 09:56:06 - INFO - root -   epoch: 1, step: 129, loss: 0.3386
05/26/2021 09:56:06 - INFO - root -   epoch: 1, step: 130, loss: 0.2723
05/26/2021 09:56:06 - INFO - root -   epoch: 1, step: 131, loss: 0.1725
05/26/2021 09:56:07 - INFO - root -   epoch: 1, step: 132, loss: 0.3619
05/26/2021 09:56:07 - INFO - root -   epoch: 1, step: 133, loss: 0.4091
05/26/2021 09:56:07 - INFO - root -   epoch: 1, step: 134, loss: 0.4443
05/26/2021 09:56:08 - INFO - root -   epoch: 1, step: 135, loss: 0.3033
05/26/2021 09:56:08 - INFO - root -   epoch: 1, step: 136, loss: 0.1714
05/26/2021 09:56:08 - INFO - root -   epoch: 1, step: 137, loss: 0.2928
05/26/2021 09:56:09 - INFO - root -   epoch: 1, step: 138, loss: 0.3495
05/26/2021 09:56:09 - INFO - root -   epoch: 1, step: 139, loss: 0.2228
05/26/2021 09:56:10 - INFO - root -   epoch: 1, step: 140, loss: 0.2094
05/26/2021 09:56:10 - INFO - root -   epoch: 1, step: 141, loss: 0.2839
05/26/2021 09:56:10 - INFO - root -   epoch: 1, step: 142, loss: 0.4596
05/26/2021 09:56:10 - INFO - root -   epoch: 1, step: 143, loss: 0.3510
05/26/2021 09:56:11 - INFO - root -   epoch: 1, step: 144, loss: 0.3734
05/26/2021 09:56:11 - INFO - root -   epoch: 1, step: 145, loss: 0.3077
05/26/2021 09:56:12 - INFO - root -   epoch: 1, step: 146, loss: 0.3704
05/26/2021 09:56:12 - INFO - root -   epoch: 1, step: 147, loss: 0.5350
05/26/2021 09:56:12 - INFO - root -   epoch: 1, step: 148, loss: 0.2323
05/26/2021 09:56:13 - INFO - root -   epoch: 1, step: 149, loss: 0.2557
05/26/2021 09:56:13 - INFO - root -   epoch: 1, step: 150, loss: 0.3424
05/26/2021 09:56:13 - INFO - root -   epoch: 1, step: 151, loss: 0.3567
05/26/2021 09:56:14 - INFO - root -   epoch: 1, step: 152, loss: 0.4741
05/26/2021 09:56:14 - INFO - root -   epoch: 1, step: 153, loss: 0.4678
05/26/2021 09:56:14 - INFO - root -   epoch: 1, step: 154, loss: 0.3600
05/26/2021 09:56:14 - INFO - root -   epoch: 1, step: 155, loss: 0.3724
05/26/2021 09:56:15 - INFO - root -   epoch: 1, step: 156, loss: 0.3053
05/26/2021 09:56:15 - INFO - root -   epoch: 1, step: 157, loss: 0.4224
05/26/2021 09:56:15 - INFO - root -   epoch: 1, step: 158, loss: 0.1627
05/26/2021 09:56:16 - INFO - root -   epoch: 1, step: 159, loss: 0.4744
05/26/2021 09:56:16 - INFO - root -   epoch: 1, step: 160, loss: 0.1209
05/26/2021 09:56:16 - INFO - root -   epoch: 1, step: 161, loss: 0.4999
05/26/2021 09:56:17 - INFO - root -   epoch: 1, step: 162, loss: 0.6352
05/26/2021 09:56:17 - INFO - root -   epoch: 1, step: 163, loss: 0.5986
05/26/2021 09:56:17 - INFO - root -   epoch: 1, step: 164, loss: 0.4209
05/26/2021 09:56:18 - INFO - root -   epoch: 1, step: 165, loss: 0.2426
05/26/2021 09:56:18 - INFO - root -   epoch: 1, step: 166, loss: 0.4877
05/26/2021 09:56:18 - INFO - root -   epoch: 1, step: 167, loss: 0.3573
05/26/2021 09:56:19 - INFO - root -   epoch: 1, step: 168, loss: 0.3550
05/26/2021 09:56:19 - INFO - root -   epoch: 1, step: 169, loss: 0.4071
05/26/2021 09:56:19 - INFO - root -   epoch: 1, step: 170, loss: 0.3190
05/26/2021 09:56:20 - INFO - root -   epoch: 1, step: 171, loss: 0.2816
05/26/2021 09:56:20 - INFO - root -   epoch: 1, step: 172, loss: 0.4352
05/26/2021 09:56:20 - INFO - root -   epoch: 1, step: 173, loss: 0.2399
05/26/2021 09:56:21 - INFO - root -   epoch: 1, step: 174, loss: 0.3416
05/26/2021 09:56:21 - INFO - root -   epoch: 1, step: 175, loss: 0.2026
05/26/2021 09:56:21 - INFO - root -   epoch: 1, step: 176, loss: 0.5026
05/26/2021 09:56:22 - INFO - root -   epoch: 1, step: 177, loss: 0.1150
05/26/2021 09:56:22 - INFO - root -   epoch: 1, step: 178, loss: 0.5593
05/26/2021 09:56:22 - INFO - root -   epoch: 1, step: 179, loss: 0.2339
05/26/2021 09:56:23 - INFO - root -   epoch: 1, step: 180, loss: 0.4026
05/26/2021 09:56:23 - INFO - root -   epoch: 1, step: 181, loss: 0.3756
05/26/2021 09:56:23 - INFO - root -   epoch: 1, step: 182, loss: 0.4067
05/26/2021 09:56:24 - INFO - root -   epoch: 1, step: 183, loss: 0.4898
05/26/2021 09:56:24 - INFO - root -   epoch: 1, step: 184, loss: 0.2055
05/26/2021 09:56:24 - INFO - root -   epoch: 1, step: 185, loss: 0.2747
05/26/2021 09:56:24 - INFO - root -   epoch: 1, step: 186, loss: 0.2744
05/26/2021 09:56:25 - INFO - root -   epoch: 1, step: 187, loss: 0.0925
05/26/2021 09:56:25 - INFO - root -   epoch: 1, step: 188, loss: 0.2135
05/26/2021 09:56:25 - INFO - root -   epoch: 1, step: 189, loss: 0.1740
05/26/2021 09:56:26 - INFO - root -   epoch: 1, step: 190, loss: 0.2304
05/26/2021 09:56:26 - INFO - root -   epoch: 1, step: 191, loss: 0.2353
05/26/2021 09:56:26 - INFO - root -   epoch: 1, step: 192, loss: 0.2151
05/26/2021 09:56:26 - INFO - root -   epoch: 1, step: 193, loss: 0.3629
05/26/2021 09:56:27 - INFO - root -   epoch: 1, step: 194, loss: 0.5256
05/26/2021 09:56:27 - INFO - root -   epoch: 1, step: 195, loss: 0.3032
05/26/2021 09:56:27 - INFO - root -   epoch: 1, step: 196, loss: 0.4310
05/26/2021 09:56:27 - INFO - root -   epoch: 1, step: 197, loss: 0.1599
05/26/2021 09:56:28 - INFO - root -   epoch: 1, step: 198, loss: 0.2223
05/26/2021 09:56:28 - INFO - root -   epoch: 1, step: 199, loss: 0.5021
05/26/2021 09:56:28 - INFO - root -   epoch: 1, step: 200, loss: 0.4036
05/26/2021 09:56:28 - INFO - root -   epoch: 1, step: 201, loss: 0.4014
05/26/2021 09:56:29 - INFO - root -   epoch: 1, step: 202, loss: 0.2477
05/26/2021 09:56:29 - INFO - root -   epoch: 1, step: 203, loss: 0.2893
05/26/2021 09:56:29 - INFO - root -   epoch: 1, step: 204, loss: 0.2924
05/26/2021 09:56:30 - INFO - root -   epoch: 1, step: 205, loss: 0.1915
05/26/2021 09:56:30 - INFO - root -   epoch: 1, step: 206, loss: 0.4434
05/26/2021 09:56:30 - INFO - root -   epoch: 1, step: 207, loss: 0.5918
05/26/2021 09:56:31 - INFO - root -   epoch: 1, step: 208, loss: 0.3849
05/26/2021 09:56:31 - INFO - root -   epoch: 1, step: 209, loss: 0.3331
05/26/2021 09:56:31 - INFO - root -   epoch: 1, step: 210, loss: 0.5677
05/26/2021 09:56:32 - INFO - root -   epoch: 1, step: 211, loss: 0.3614
05/26/2021 09:56:32 - INFO - root -   epoch: 1, step: 212, loss: 0.2926
05/26/2021 09:56:32 - INFO - root -   epoch: 1, step: 213, loss: 0.3622
05/26/2021 09:56:32 - INFO - root -   epoch: 1, step: 214, loss: 0.3440
05/26/2021 09:56:33 - INFO - root -   epoch: 1, step: 215, loss: 0.4474
05/26/2021 09:56:33 - INFO - root -   epoch: 1, step: 216, loss: 0.4583
05/26/2021 09:56:34 - INFO - root -   epoch: 1, step: 217, loss: 0.2263
05/26/2021 09:56:54 - INFO - root -   Epoch: 1, Epoch-Average Loss: 0.3578
05/26/2021 09:56:54 - INFO - __main__ -   Accuracy: 0.9397, Precision: 0.9938, Recall: 0.9221, F1-score: 0.9566
05/26/2021 09:56:57 - INFO - __main__ -   Updated model, best F1-score: 0.9566

05/26/2021 09:56:57 - INFO - __main__ -   Direct inference.
05/26/2021 12:37:43 - INFO - __main__ -   Train complete, Best F1-score: 0.9566.
